INFO 2025-12-08 13:47:39,401 services Yangi user yaratildi: ali@test.com
WARNING 2025-12-09 07:44:45,096 services Email allaqachon mavjud: ali@test.com
WARNING 2025-12-09 07:45:21,042 services Email allaqachon mavjud: ali@test.com
INFO 2025-12-09 07:45:32,013 services Yangi user yaratildi: jasur@test.com
INFO 2025-12-09 07:51:23,009 services Yangi user yaratildi: test123@test.com
INFO 2025-12-09 07:55:43,518 services Yangi user yaratildi: adxamsalimov2008@gmail.com
INFO 2025-12-09 08:00:14,602 services Yangi user yaratildi: anvarsalimov2024@gmail.com
WARNING 2025-12-09 08:01:21,336 services Email allaqachon mavjud: adxamsalimov2008@gmail.com
INFO 2025-12-09 08:01:34,013 services Yangi user yaratildi: adxamsalimov051@gmail.com
INFO 2025-12-09 08:06:53,080 services Yangi user yaratildi: sardorsalimov00@gmail.com
INFO 2025-12-09 08:11:20,300 services Yangi user yaratildi: samandar@gmail.com
INFO 2025-12-09 08:21:09,935 services Yangi user yaratildi: eshmattoshmat00@gmail.com
INFO 2025-12-10 08:36:07,522 services Yangi user yaratildi: tovoshov2008@gmail.com
WARNING 2025-12-10 08:37:01,525 services Email allaqachon mavjud: tovoshov2008@gmail.com
WARNING 2025-12-10 08:37:14,351 services Email allaqachon mavjud: tovoshov2008@gmail.com
WARNING 2025-12-10 08:37:15,569 services Email allaqachon mavjud: tovoshov2008@gmail.com
INFO 2025-12-10 08:38:25,559 services Yangi user yaratildi: azizqushaqov2009@gmail.com
INFO 2025-12-10 08:40:07,194 services User login qildi: azizqushaqov2009@gmail.com
INFO 2025-12-10 13:42:43,861 services Yangi user yaratildi: asil2008@gmail.com
INFO 2025-12-10 13:43:19,056 services User login qildi: asil2008@gmail.com
INFO 2025-12-11 09:14:30,290 services Yangi user yaratildi: adxam@test.com, login: adxam7214
INFO 2025-12-12 08:32:50,727 services Yangi user yaratildi: og'abekxudayorov2008@gmail.com, login: ogabek0689
INFO 2025-12-12 08:35:44,278 services User login qildi: og'abekxudayorov2008@gmail.com
INFO 2025-12-13 12:53:54,477 services Yangi user yaratildi: asad2008@gmail.com, login: asad4219
INFO 2025-12-15 13:44:14,779 services Yangi user yaratildi: ulugbekhaydarov2010@gmail.com, login: ulugbek1322
INFO 2025-12-15 13:45:57,062 services User login qildi: ulugbekhaydarov2010@gmail.com
INFO 2025-12-15 14:44:11,279 services Yangi user yaratildi: +998991244441, login: adxam9042
INFO 2025-12-15 14:50:21,207 services Yangi user yaratildi: +998888726878, login: ulug3383
INFO 2025-12-15 15:03:41,975 services Yangi user yaratildi: +998972001501, login: aziz0288
